d:\project_work\csf_library\csf_workspace\vdu\platform\win32\vdu\debug\vc140.pdb
d:\project_work\csf_library\csf_workspace\vdu\platform\win32\vdu\debug\vc140.idb
d:\project_work\csf_library\csf_workspace\vdu\platform\win32\vdu\debug\vdu_coordinate.obj
d:\project_work\csf_library\csf_workspace\vdu\platform\win32\vdu\debug\vdu_canvas.obj
d:\project_work\csf_library\csf_workspace\vdu\platform\win32\vdu\debug\vdu_rect.obj
d:\project_work\csf_library\csf_workspace\vdu\platform\win32\vdu\debug\vdu_shape.obj
d:\project_work\csf_library\csf_workspace\vdu\platform\win32\vdu\debug\vdu_shape_convert.obj
d:\project_work\csf_library\csf_workspace\vdu\platform\win32\vdu\debug\vdu_shape_svg.obj
d:\project_work\csf_library\csf_workspace\vdu\platform\win32\vdu\debug\vdu_svg_convert.obj
d:\project_work\csf_library\csf_workspace\vdu\platform\win32\vdu\debug\vdu_box.obj
d:\project_work\csf_library\csf_workspace\vdu\platform\win32\vdu\debug\vdu_panel.obj
d:\project_work\csf_library\csf_workspace\vdu\platform\win32\vdu\debug\vdu_qt_panel.obj
d:\project_work\csf_library\csf_workspace\vdu\platform\win32\vdu\debug\vdu_vm.obj
d:\project_work\csf_library\csf_workspace\vdu\platform\win32\vdu\debug\vdu_qt_canvas.obj
d:\project_work\csf_library\csf_workspace\vdu\platform\win32\vdu\debug\vdu_panel_manager.obj
d:\project_work\csf_library\csf_workspace\csf\platform\win32\debug\vdu.ilk
d:\project_work\csf_library\csf_workspace\csf\platform\win32\debug\vdu.dll
d:\project_work\csf_library\csf_workspace\csf\platform\win32\debug\vdu.pdb
d:\project_work\csf_library\csf_workspace\vdu\platform\win32\vdu\debug\vdu.tlog\cl.command.1.tlog
d:\project_work\csf_library\csf_workspace\vdu\platform\win32\vdu\debug\vdu.tlog\cl.read.1.tlog
d:\project_work\csf_library\csf_workspace\vdu\platform\win32\vdu\debug\vdu.tlog\cl.write.1.tlog
d:\project_work\csf_library\csf_workspace\vdu\platform\win32\vdu\debug\vdu.tlog\link.command.1.tlog
d:\project_work\csf_library\csf_workspace\vdu\platform\win32\vdu\debug\vdu.tlog\link.read.1.tlog
d:\project_work\csf_library\csf_workspace\vdu\platform\win32\vdu\debug\vdu.tlog\link.write.1.tlog
